  pch.cpp
  UnitTest1.cpp
     Создается библиотека D:\навчання\repos\lab 2\lab 2.5\Debug\UnitTest1.lib и объект D:\навчання\repos\lab 2\lab 2.5\Debug\UnitTest1.exp
UnitTest1.obj : error LNK2019: ссылка на неразрешенный внешний символ "public: __thiscall Time::Time(int,int,int)" (??0Time@@QAE@HHH@Z) в функции "public: void __thiscall UnitTest1::UnitTest1::TestMethod1(void)" (?TestMethod1@UnitTest1@1@QAEXXZ).
UnitTest1.obj : error LNK2019: ссылка на неразрешенный внешний символ "public: class Time & __thiscall Time::operator++(void)" (??ETime@@QAEAAV0@XZ) в функции "public: void __thiscall UnitTest1::UnitTest1::TestMethod1(void)" (?TestMethod1@UnitTest1@1@QAEXXZ).
D:\навчання\repos\lab 2\lab 2.5\Debug\UnitTest1.dll : fatal error LNK1120: неразрешенных внешних элементов: 2
